[debug] [2024-03-09T19:50:03.773Z] ----------------------------------------------------------------------
[debug] [2024-03-09T19:50:03.774Z] Command:       C:\Program Files\nodejs\node.exe C:\Users\oaseo\AppData\Roaming\npm\node_modules\firebase-tools\lib\bin\firebase.js init
[debug] [2024-03-09T19:50:03.775Z] CLI Version:   13.4.1
[debug] [2024-03-09T19:50:03.775Z] Platform:      win32
[debug] [2024-03-09T19:50:03.775Z] Node Version:  v18.18.0
[debug] [2024-03-09T19:50:03.776Z] Time:          Sat Mar 09 2024 14:50:03 GMT-0500 (hora estándar de Colombia)
[debug] [2024-03-09T19:50:03.776Z] ----------------------------------------------------------------------
[debug] 
[debug] [2024-03-09T19:50:03.835Z] Object "" in "firebase.json" has unknown property: {"additionalProperty":"type"}
[debug] [2024-03-09T19:50:03.839Z] > command requires scopes: ["email","openid","https://www.googleapis.com/auth/cloudplatformprojects.readonly","https://www.googleapis.com/auth/firebase","https://www.googleapis.com/auth/cloud-platform"]
[debug] [2024-03-09T19:50:03.839Z] > authorizing via signed-in user (webdinamicssolutions@gmail.com)
[debug] [2024-03-09T19:50:03.840Z] Object "" in "firebase.json" has unknown property: {"additionalProperty":"type"}
[info] 
     ######## #### ########  ######## ########     ###     ######  ########
     ##        ##  ##     ## ##       ##     ##  ##   ##  ##       ##
     ######    ##  ########  ######   ########  #########  ######  ######
     ##        ##  ##    ##  ##       ##     ## ##     ##       ## ##
     ##       #### ##     ## ######## ########  ##     ##  ######  ########

You're about to initialize a Firebase project in this directory:

  C:\Users\oaseo\OneDrive\Escritorio\Blackwolfcol\Backend

Before we get started, keep in mind:

  * You are initializing within an existing Firebase project directory

[info] 
=== Project Setup
[info] 
[info] First, let's associate this project directory with a Firebase project.
[info] You can create multiple project aliases by running firebase use --add, 
[info] but for now we'll just set up a default project.
[info] 
[debug] [2024-03-09T19:50:22.647Z] Using project from CLI flag: ecommerce-wolf
[debug] [2024-03-09T19:50:22.648Z] > refreshing access token with scopes: []
[debug] [2024-03-09T19:50:22.650Z] >>> [apiv2][query] POST https://www.googleapis.com/oauth2/v3/token [none]
[debug] [2024-03-09T19:50:22.650Z] >>> [apiv2][body] POST https://www.googleapis.com/oauth2/v3/token [omitted]
[debug] [2024-03-09T19:50:22.943Z] <<< [apiv2][status] POST https://www.googleapis.com/oauth2/v3/token 200
[debug] [2024-03-09T19:50:22.943Z] <<< [apiv2][body] POST https://www.googleapis.com/oauth2/v3/token [omitted]
[debug] [2024-03-09T19:50:22.953Z] >>> [apiv2][query] GET https://firebase.googleapis.com/v1beta1/projects/ecommerce-wolf [none]
[debug] [2024-03-09T19:50:23.416Z] <<< [apiv2][status] GET https://firebase.googleapis.com/v1beta1/projects/ecommerce-wolf 200
[debug] [2024-03-09T19:50:23.416Z] <<< [apiv2][body] GET https://firebase.googleapis.com/v1beta1/projects/ecommerce-wolf {"projectId":"ecommerce-wolf","projectNumber":"39450952295","displayName":"Ecommerce-wolf","name":"projects/ecommerce-wolf","resources":{"hostingSite":"ecommerce-wolf","realtimeDatabaseInstance":"ecommerce-wolf-default-rtdb","storageBucket":"ecommerce-wolf.appspot.com","locationId":"us-central"},"state":"ACTIVE","etag":"1_f06996b0-c9af-4185-9409-f6ffe21a5a84"}
[info] i  Using project ecommerce-wolf (Ecommerce-wolf) 
[info] 
=== Database Setup
[info] i  database: ensuring required API firebasedatabase.googleapis.com is enabled... 
[debug] [2024-03-09T19:50:23.422Z] >>> [apiv2][query] GET https://serviceusage.googleapis.com/v1/projects/ecommerce-wolf/services/firebasedatabase.googleapis.com [none]
[debug] [2024-03-09T19:50:23.422Z] >>> [apiv2][(partial)header] GET https://serviceusage.googleapis.com/v1/projects/ecommerce-wolf/services/firebasedatabase.googleapis.com x-goog-quota-user=projects/ecommerce-wolf
[debug] [2024-03-09T19:50:24.214Z] <<< [apiv2][status] GET https://serviceusage.googleapis.com/v1/projects/ecommerce-wolf/services/firebasedatabase.googleapis.com 200
[debug] [2024-03-09T19:50:24.214Z] <<< [apiv2][body] GET https://serviceusage.googleapis.com/v1/projects/ecommerce-wolf/services/firebasedatabase.googleapis.com [omitted]
[info] +  database: required API firebasedatabase.googleapis.com is enabled 
[info] 
[debug] [2024-03-09T19:50:24.215Z] >>> [apiv2][query] GET https://firebasedatabase.googleapis.com/v1beta/projects/ecommerce-wolf/locations/-/instances/ecommerce-wolf-default-rtdb [none]
[debug] [2024-03-09T19:50:24.954Z] <<< [apiv2][status] GET https://firebasedatabase.googleapis.com/v1beta/projects/ecommerce-wolf/locations/-/instances/ecommerce-wolf-default-rtdb 200
[debug] [2024-03-09T19:50:24.954Z] <<< [apiv2][body] GET https://firebasedatabase.googleapis.com/v1beta/projects/ecommerce-wolf/locations/-/instances/ecommerce-wolf-default-rtdb {"name":"projects/39450952295/locations/us-central1/instances/ecommerce-wolf-default-rtdb","project":"projects/39450952295","databaseUrl":"https://ecommerce-wolf-default-rtdb.firebaseio.com","type":"DEFAULT_DATABASE","state":"ACTIVE"}
[info] 
[info] Firebase Realtime Database Security Rules allow you to define how your data should be
[info] structured and when your data can be read from and written to.
[info] 
[debug] [2024-03-09T19:50:30.724Z] >>> [apiv2][query] GET https://ecommerce-wolf-default-rtdb.firebaseio.com/.settings/rules.json [none]
[debug] [2024-03-09T19:50:31.106Z] <<< [apiv2][status] GET https://ecommerce-wolf-default-rtdb.firebaseio.com/.settings/rules.json 200
[debug] [2024-03-09T19:50:31.107Z] <<< [apiv2][body] GET https://ecommerce-wolf-default-rtdb.firebaseio.com/.settings/rules.json [stream]
[info] +  Database Rules for ecommerce-wolf-default-rtdb have been written to y. 
[info] Future modifications to y will update Realtime Database Security Rules when you run
[info] firebase deploy.
[info] 
=== Firestore Setup
[debug] [2024-03-09T19:50:31.112Z] >>> [apiv2][query] GET https://serviceusage.googleapis.com/v1/projects/ecommerce-wolf/services/firestore.googleapis.com [none]
[debug] [2024-03-09T19:50:31.112Z] >>> [apiv2][(partial)header] GET https://serviceusage.googleapis.com/v1/projects/ecommerce-wolf/services/firestore.googleapis.com x-goog-quota-user=projects/ecommerce-wolf
[debug] [2024-03-09T19:50:31.799Z] <<< [apiv2][status] GET https://serviceusage.googleapis.com/v1/projects/ecommerce-wolf/services/firestore.googleapis.com 200
[debug] [2024-03-09T19:50:31.799Z] <<< [apiv2][body] GET https://serviceusage.googleapis.com/v1/projects/ecommerce-wolf/services/firestore.googleapis.com [omitted]
[debug] [2024-03-09T19:50:31.799Z] >>> [apiv2][query] GET https://firestore.googleapis.com/v1/projects/ecommerce-wolf/databases/(default) [none]
[debug] [2024-03-09T19:50:32.530Z] <<< [apiv2][status] GET https://firestore.googleapis.com/v1/projects/ecommerce-wolf/databases/(default) 200
[debug] [2024-03-09T19:50:32.530Z] <<< [apiv2][body] GET https://firestore.googleapis.com/v1/projects/ecommerce-wolf/databases/(default) {"name":"projects/ecommerce-wolf/databases/(default)","uid":"6ca5280f-bfce-42ac-9e54-43fe6e3358c9","createTime":"2024-03-08T23:05:22.029056Z","updateTime":"2024-03-08T23:05:22.029056Z","locationId":"nam5","type":"FIRESTORE_NATIVE","concurrencyMode":"PESSIMISTIC","versionRetentionPeriod":"3600s","earliestVersionTime":"2024-03-09T18:50:33.022613Z","appEngineIntegrationMode":"DISABLED","keyPrefix":"s","pointInTimeRecoveryEnablement":"POINT_IN_TIME_RECOVERY_DISABLED","deleteProtectionState":"DELETE_PROTECTION_DISABLED","etag":"IJqU0Pj554QDMO3E2tDv5YQD"}
[debug] [2024-03-09T19:50:32.530Z] database_type: FIRESTORE_NATIVE
[debug] [2024-03-09T19:50:32.531Z] > command requires scopes: ["email","openid","https://www.googleapis.com/auth/cloudplatformprojects.readonly","https://www.googleapis.com/auth/firebase","https://www.googleapis.com/auth/cloud-platform"]
[debug] [2024-03-09T19:50:32.531Z] > authorizing via signed-in user (webdinamicssolutions@gmail.com)
[debug] [2024-03-09T19:50:32.531Z] [iam] checking project ecommerce-wolf for permissions ["firebase.projects.get"]
[debug] [2024-03-09T19:50:32.531Z] >>> [apiv2][query] POST https://cloudresourcemanager.googleapis.com/v1/projects/ecommerce-wolf:testIamPermissions [none]
[debug] [2024-03-09T19:50:32.531Z] >>> [apiv2][(partial)header] POST https://cloudresourcemanager.googleapis.com/v1/projects/ecommerce-wolf:testIamPermissions x-goog-quota-user=projects/ecommerce-wolf
[debug] [2024-03-09T19:50:32.531Z] >>> [apiv2][body] POST https://cloudresourcemanager.googleapis.com/v1/projects/ecommerce-wolf:testIamPermissions {"permissions":["firebase.projects.get"]}
[debug] [2024-03-09T19:50:33.101Z] <<< [apiv2][status] POST https://cloudresourcemanager.googleapis.com/v1/projects/ecommerce-wolf:testIamPermissions 200
[debug] [2024-03-09T19:50:33.102Z] <<< [apiv2][body] POST https://cloudresourcemanager.googleapis.com/v1/projects/ecommerce-wolf:testIamPermissions {"permissions":["firebase.projects.get"]}
[info] 
[info] Firestore Security Rules allow you to define how and when to allow
[info] requests. You can keep these rules in your project directory
[info] and publish them with firebase deploy.
[info] 
[debug] [2024-03-09T19:50:41.313Z] >>> [apiv2][query] GET https://firebaserules.googleapis.com/v1/projects/ecommerce-wolf/releases pageSize=10&pageToken=
[debug] [2024-03-09T19:50:41.710Z] <<< [apiv2][status] GET https://firebaserules.googleapis.com/v1/projects/ecommerce-wolf/releases 200
[debug] [2024-03-09T19:50:41.711Z] <<< [apiv2][body] GET https://firebaserules.googleapis.com/v1/projects/ecommerce-wolf/releases {"releases":[{"name":"projects/ecommerce-wolf/releases/cloud.firestore","rulesetName":"projects/ecommerce-wolf/rulesets/1ae33385-33b2-4c30-9fbb-616f7808c4ec","createTime":"2024-03-08T23:05:24.690352Z","updateTime":"2024-03-08T23:05:24.690352Z"},{"name":"projects/ecommerce-wolf/releases/firebase.storage/ecommerce-wolf.appspot.com","rulesetName":"projects/ecommerce-wolf/rulesets/a955a7da-c465-46d7-ac71-9d28805477e3","createTime":"2024-03-08T23:11:51.798516Z","updateTime":"2024-03-09T12:59:08.359931Z"}]}
[debug] [2024-03-09T19:50:41.732Z] Found ruleset: projects/ecommerce-wolf/rulesets/1ae33385-33b2-4c30-9fbb-616f7808c4ec
[debug] [2024-03-09T19:50:41.733Z] >>> [apiv2][query] GET https://firebaserules.googleapis.com/v1/projects/ecommerce-wolf/rulesets/1ae33385-33b2-4c30-9fbb-616f7808c4ec [none]
[debug] [2024-03-09T19:50:41.998Z] <<< [apiv2][status] GET https://firebaserules.googleapis.com/v1/projects/ecommerce-wolf/rulesets/1ae33385-33b2-4c30-9fbb-616f7808c4ec 200
[debug] [2024-03-09T19:50:41.998Z] <<< [apiv2][body] GET https://firebaserules.googleapis.com/v1/projects/ecommerce-wolf/rulesets/1ae33385-33b2-4c30-9fbb-616f7808c4ec [omitted]
[info] 
[info] Firestore indexes allow you to perform complex queries while
[info] maintaining performance that scales with the size of the result
[info] set. You can keep index definitions in your project directory
[info] and publish them with firebase deploy.
[info] 
[debug] [2024-03-09T19:50:47.014Z] >>> [apiv2][query] GET https://firestore.googleapis.com/v1/projects/ecommerce-wolf/databases/(default)/collectionGroups/-/indexes [none]
[debug] [2024-03-09T19:50:47.015Z] >>> [apiv2][query] GET https://firestore.googleapis.com/v1/projects/ecommerce-wolf/databases/(default)/collectionGroups/-/fields?filter=indexConfig.usesAncestorConfig=false OR ttlConfig:* [none]
[debug] [2024-03-09T19:50:47.707Z] <<< [apiv2][status] GET https://firestore.googleapis.com/v1/projects/ecommerce-wolf/databases/(default)/collectionGroups/-/indexes 200
[debug] [2024-03-09T19:50:47.707Z] <<< [apiv2][body] GET https://firestore.googleapis.com/v1/projects/ecommerce-wolf/databases/(default)/collectionGroups/-/indexes {}
[debug] [2024-03-09T19:50:47.737Z] <<< [apiv2][status] GET https://firestore.googleapis.com/v1/projects/ecommerce-wolf/databases/(default)/collectionGroups/-/fields?filter=indexConfig.usesAncestorConfig=false OR ttlConfig:* 200
[debug] [2024-03-09T19:50:47.737Z] <<< [apiv2][body] GET https://firestore.googleapis.com/v1/projects/ecommerce-wolf/databases/(default)/collectionGroups/-/fields?filter=indexConfig.usesAncestorConfig=false OR ttlConfig:* {"fields":[{"name":"projects/ecommerce-wolf/databases/(default)/collectionGroups/__default__/fields/*","indexConfig":{"indexes":[{"queryScope":"COLLECTION","fields":[{"fieldPath":"*","order":"ASCENDING"}],"state":"READY"},{"queryScope":"COLLECTION","fields":[{"fieldPath":"*","order":"DESCENDING"}],"state":"READY"},{"queryScope":"COLLECTION","fields":[{"fieldPath":"*","arrayConfig":"CONTAINS"}],"state":"READY"}]}}]}
[info] 
=== Functions Setup
[debug] [2024-03-09T19:50:47.738Z] > command requires scopes: ["email","openid","https://www.googleapis.com/auth/cloudplatformprojects.readonly","https://www.googleapis.com/auth/firebase","https://www.googleapis.com/auth/cloud-platform"]
[debug] [2024-03-09T19:50:47.738Z] > authorizing via signed-in user (webdinamicssolutions@gmail.com)
[debug] [2024-03-09T19:50:47.739Z] [iam] checking project ecommerce-wolf for permissions ["firebase.projects.get"]
[debug] [2024-03-09T19:50:47.739Z] >>> [apiv2][query] POST https://cloudresourcemanager.googleapis.com/v1/projects/ecommerce-wolf:testIamPermissions [none]
[debug] [2024-03-09T19:50:47.739Z] >>> [apiv2][(partial)header] POST https://cloudresourcemanager.googleapis.com/v1/projects/ecommerce-wolf:testIamPermissions x-goog-quota-user=projects/ecommerce-wolf
[debug] [2024-03-09T19:50:47.739Z] >>> [apiv2][body] POST https://cloudresourcemanager.googleapis.com/v1/projects/ecommerce-wolf:testIamPermissions {"permissions":["firebase.projects.get"]}
[debug] [2024-03-09T19:50:48.223Z] <<< [apiv2][status] POST https://cloudresourcemanager.googleapis.com/v1/projects/ecommerce-wolf:testIamPermissions 200
[debug] [2024-03-09T19:50:48.224Z] <<< [apiv2][body] POST https://cloudresourcemanager.googleapis.com/v1/projects/ecommerce-wolf:testIamPermissions {"permissions":["firebase.projects.get"]}
[debug] [2024-03-09T19:50:48.225Z] >>> [apiv2][query] GET https://serviceusage.googleapis.com/v1/projects/ecommerce-wolf/services/cloudfunctions.googleapis.com [none]
[debug] [2024-03-09T19:50:48.225Z] >>> [apiv2][(partial)header] GET https://serviceusage.googleapis.com/v1/projects/ecommerce-wolf/services/cloudfunctions.googleapis.com x-goog-quota-user=projects/ecommerce-wolf
[debug] [2024-03-09T19:50:48.231Z] >>> [apiv2][query] GET https://serviceusage.googleapis.com/v1/projects/ecommerce-wolf/services/runtimeconfig.googleapis.com [none]
[debug] [2024-03-09T19:50:48.231Z] >>> [apiv2][(partial)header] GET https://serviceusage.googleapis.com/v1/projects/ecommerce-wolf/services/runtimeconfig.googleapis.com x-goog-quota-user=projects/ecommerce-wolf
[debug] [2024-03-09T19:50:48.889Z] <<< [apiv2][status] GET https://serviceusage.googleapis.com/v1/projects/ecommerce-wolf/services/runtimeconfig.googleapis.com 200
[debug] [2024-03-09T19:50:48.889Z] <<< [apiv2][body] GET https://serviceusage.googleapis.com/v1/projects/ecommerce-wolf/services/runtimeconfig.googleapis.com [omitted]
[debug] [2024-03-09T19:50:48.891Z] <<< [apiv2][status] GET https://serviceusage.googleapis.com/v1/projects/ecommerce-wolf/services/cloudfunctions.googleapis.com 200
[debug] [2024-03-09T19:50:48.891Z] <<< [apiv2][body] GET https://serviceusage.googleapis.com/v1/projects/ecommerce-wolf/services/cloudfunctions.googleapis.com [omitted]
[debug] [2024-03-09T19:50:48.893Z] >>> [apiv2][query] POST https://serviceusage.googleapis.com/v1/projects/ecommerce-wolf/services/cloudfunctions.googleapis.com:enable [none]
[debug] [2024-03-09T19:50:48.893Z] >>> [apiv2][(partial)header] POST https://serviceusage.googleapis.com/v1/projects/ecommerce-wolf/services/cloudfunctions.googleapis.com:enable x-goog-quota-user=projects/ecommerce-wolf
[debug] [2024-03-09T19:50:50.197Z] <<< [apiv2][status] POST https://serviceusage.googleapis.com/v1/projects/ecommerce-wolf/services/cloudfunctions.googleapis.com:enable 200
[debug] [2024-03-09T19:50:50.197Z] <<< [apiv2][body] POST https://serviceusage.googleapis.com/v1/projects/ecommerce-wolf/services/cloudfunctions.googleapis.com:enable [omitted]
[debug] [2024-03-09T19:51:00.205Z] >>> [apiv2][query] GET https://serviceusage.googleapis.com/v1/projects/ecommerce-wolf/services/cloudfunctions.googleapis.com [none]
[debug] [2024-03-09T19:51:00.205Z] >>> [apiv2][(partial)header] GET https://serviceusage.googleapis.com/v1/projects/ecommerce-wolf/services/cloudfunctions.googleapis.com x-goog-quota-user=projects/ecommerce-wolf
[debug] [2024-03-09T19:51:00.938Z] <<< [apiv2][status] GET https://serviceusage.googleapis.com/v1/projects/ecommerce-wolf/services/cloudfunctions.googleapis.com 200
[debug] [2024-03-09T19:51:00.938Z] <<< [apiv2][body] GET https://serviceusage.googleapis.com/v1/projects/ecommerce-wolf/services/cloudfunctions.googleapis.com [omitted]
[info] Let's create a new codebase for your functions.
[info] A directory corresponding to the codebase will be created in your project
[info] with sample code pre-configured.

[info] See https://firebase.google.com/docs/functions/organize-functions for
[info] more information on organizing your functions using codebases.

[info] Functions can be deployed with firebase deploy.

[info] +  Wrote functions/package.json 
[info] +  Wrote functions/.eslintrc.js 
[info] +  Wrote functions/index.js 
[info] +  Wrote functions/.gitignore 
[info] 
=== Hosting Setup
[debug] [2024-03-09T19:51:35.395Z] >>> [apiv2][query] GET https://firebase.googleapis.com/v1beta1/projects/ecommerce-wolf [none]
[debug] [2024-03-09T19:51:35.835Z] <<< [apiv2][status] GET https://firebase.googleapis.com/v1beta1/projects/ecommerce-wolf 200
[debug] [2024-03-09T19:51:35.835Z] <<< [apiv2][body] GET https://firebase.googleapis.com/v1beta1/projects/ecommerce-wolf {"projectId":"ecommerce-wolf","projectNumber":"39450952295","displayName":"Ecommerce-wolf","name":"projects/ecommerce-wolf","resources":{"hostingSite":"ecommerce-wolf","realtimeDatabaseInstance":"ecommerce-wolf-default-rtdb","storageBucket":"ecommerce-wolf.appspot.com","locationId":"us-central"},"state":"ACTIVE","etag":"1_f06996b0-c9af-4185-9409-f6ffe21a5a84"}
[info] 
[info] Your public directory is the folder (relative to your project directory) that
[info] will contain Hosting assets to be uploaded with firebase deploy. If you
[info] have a build process for your assets, use your build's output directory.
[info] 
[debug] [2024-03-09T19:51:54.937Z] >>> [apiv2][query] GET https://www.gstatic.com/firebasejs/releases.json [none]
[debug] [2024-03-09T19:51:55.161Z] <<< [apiv2][status] GET https://www.gstatic.com/firebasejs/releases.json 200
[debug] [2024-03-09T19:51:55.162Z] <<< [apiv2][body] GET https://www.gstatic.com/firebasejs/releases.json {"current":{"version":"10.8.1","browserURL":"https://www.gstatic.com/firebasejs/10.8.1/firebase.js","packageURL":"https://www.gstatic.com/firebasejs/10.8.1/firebase.tgz"},"live":{"version":"10.8","browserURL":"https://www.gstatic.com/firebasejs/live/10.8/firebase.js","packageURL":"https://www.gstatic.com/firebasejs/live/10.8/firebase.tgz"},"components":{"analytics":"https://www.gstatic.com/firebasejs/10.8.1/firebase-analytics.js","app":"https://www.gstatic.com/firebasejs/10.8.1/firebase-app.js","app-check":"https://www.gstatic.com/firebasejs/10.8.1/firebase-app-check.js","auth":"https://www.gstatic.com/firebasejs/10.8.1/firebase-auth.js","auth/cordova":"https://www.gstatic.com/firebasejs/10.8.1/firebase-auth/cordova.js","auth/web-extension":"https://www.gstatic.com/firebasejs/10.8.1/firebase-auth/web-extension.js","functions":"https://www.gstatic.com/firebasejs/10.8.1/firebase-functions.js","firestore":"https://www.gstatic.com/firebasejs/10.8.1/firebase-firestore.js","firestore/lite":"https://www.gstatic.com/firebasejs/10.8.1/firebase-firestore/lite.js","installations":"https://www.gstatic.com/firebasejs/10.8.1/firebase-installations.js","storage":"https://www.gstatic.com/firebasejs/10.8.1/firebase-storage.js","performance":"https://www.gstatic.com/firebasejs/10.8.1/firebase-performance.js","remote-config":"https://www.gstatic.com/firebasejs/10.8.1/firebase-remote-config.js","messaging":"https://www.gstatic.com/firebasejs/10.8.1/firebase-messaging.js","messaging/sw":"https://www.gstatic.com/firebasejs/10.8.1/firebase-messaging/sw.js","database":"https://www.gstatic.com/firebasejs/10.8.1/firebase-database.js","firestore.memory":"https://www.gstatic.com/firebasejs/10.8.1/firebase-firestore.memory.js"}}
[debug] [2024-03-09T19:51:55.398Z] Error: ENOTDIR: not a directory, scandir 'C:\Users\oaseo\OneDrive\Escritorio\Blackwolfcol\Backend\y'
    at Object.readdirSync (node:fs:1527:3)
    at Object.createFileSync (C:\Users\oaseo\AppData\Roaming\npm\node_modules\firebase-tools\node_modules\fs-extra\lib\ensure\file.js:55:10)
    at Config.writeProjectFile (C:\Users\oaseo\AppData\Roaming\npm\node_modules\firebase-tools\lib\config.js:154:12)
    at C:\Users\oaseo\AppData\Roaming\npm\node_modules\firebase-tools\lib\config.js:178:22
    at process.processTicksAndRejections (node:internal/process/task_queues:95:5)
    at async doSetup (C:\Users\oaseo\AppData\Roaming\npm\node_modules\firebase-tools\lib\init\features\hosting\index.js:177:9)
    at async init (C:\Users\oaseo\AppData\Roaming\npm\node_modules\firebase-tools\lib\init\index.js:37:9)
[error] 
[error] Error: An unexpected error has occurred.
